2022-02-22 10:10:52,044  INFO [main] Action:700 - Successfully launched "https://www.mycontactform.com/"
2022-02-22 10:12:24,724  INFO [main] Action:700 - Successfully launched "https://www.mycontactform.com/"
2022-02-22 10:12:25,172  INFO [main] Action:70 - Successfully Found element at
2022-02-22 10:28:57,696  INFO [main] Action:700 - Successfully launched "https://www.mycontactform.com/"
2022-02-22 10:28:58,163  INFO [main] Action:70 - Successfully Found element at
2022-02-22 11:07:49,601  INFO [main] Action:700 - Successfully launched "https://www.mycontactform.com/"
2022-02-22 11:07:50,108  INFO [main] Action:70 - Successfully Found element at
2022-02-22 11:08:54,647  INFO [main] Action:700 - Successfully launched "https://www.mycontactform.com/"
2022-02-22 11:08:55,095  INFO [main] Action:70 - Successfully Found element at
2022-02-22 11:09:54,957  INFO [main] Action:700 - Successfully launched "https://www.mycontactform.com/"
2022-02-22 11:09:55,458  INFO [main] Action:70 - Successfully Found element at
2022-02-22 11:13:13,201  INFO [main] Action:700 - Successfully launched "https://www.mycontactform.com/"
2022-02-22 11:13:13,623  INFO [main] Action:70 - Successfully Found element at
2022-02-22 11:15:24,310  INFO [main] Action:700 - Successfully launched "https://www.mycontactform.com/"
2022-02-22 11:15:24,839  INFO [main] Action:70 - Successfully Found element at
2022-02-22 11:25:20,149  INFO [main] Action:700 - Successfully launched "https://www.mycontactform.com/"
2022-02-22 11:25:20,585  INFO [main] Action:70 - Successfully Found element at
2022-02-22 11:41:44,992  INFO [main] Action:700 - Successfully launched "https://www.mycontactform.com/"
2022-02-22 11:41:45,417  INFO [main] Action:70 - Successfully Found element at
2022-02-22 11:44:02,610  INFO [main] Action:700 - Successfully launched "https://www.mycontactform.com/"
2022-02-22 11:44:03,050  INFO [main] Action:70 - Successfully Found element at
2022-02-22 12:19:36,059  INFO [main] Action:700 - Successfully launched "https://www.mycontactform.com/"
2022-02-22 12:19:36,445  INFO [main] Action:70 - Successfully Found element at
2022-02-22 12:19:37,502  INFO [main] Action:70 - Successfully Found element at
2022-02-22 12:19:37,506  INFO [main] VerifyPage:88 - File Contents:: myContactForm.com strives to provide our users with the most complete and innovative features of any online form creation and processing service. Since 2004, we have constantly expanded the features we provide, based both on our extensive experience and feedback from our enormous user base. Below, you will find a basic overview of the advanced features myContactForm.com has to offer:
2022-02-22 12:19:37,506  INFO [main] Log:26 - The Text contains in the paragraph is Similar
2022-02-22 16:10:11,602  INFO [main] Action:700 - Successfully launched "https://www.mycontactform.com/"
2022-02-22 16:10:11,996  INFO [main] Action:70 - Successfully Found element at
2022-02-23 10:17:39,054  INFO [main] Action:700 - Successfully launched "https://www.mycontactform.com/"
2022-02-23 10:17:39,541  INFO [main] Action:70 - Successfully Found element at
2022-02-23 10:19:16,540  INFO [main] Action:700 - Successfully launched "https://www.mycontactform.com/"
2022-02-23 10:19:17,023  INFO [main] Action:70 - Successfully Found element at
2022-02-23 10:21:57,254  INFO [main] Action:700 - Successfully launched "https://www.mycontactform.com/"
2022-02-23 10:21:57,732  INFO [main] Action:70 - Successfully Found element at
2022-02-23 10:28:51,590  INFO [main] Action:700 - Successfully launched "https://www.mycontactform.com/"
2022-02-23 10:28:52,054  INFO [main] Action:70 - Successfully Found element at
2022-02-23 10:44:06,684  INFO [main] Action:700 - Successfully launched "https://www.mycontactform.com/"
2022-02-23 10:44:07,221  INFO [main] Action:70 - Successfully Found element at
2022-02-23 10:49:02,094  INFO [main] Action:700 - Successfully launched "https://www.mycontactform.com/"
2022-02-23 10:49:02,586  INFO [main] Action:70 - Successfully Found element at
2022-02-23 10:53:02,089  INFO [main] Action:700 - Successfully launched "https://www.mycontactform.com/"
2022-02-23 10:53:02,584  INFO [main] Action:70 - Successfully Found element at
2022-02-23 10:53:51,052  INFO [main] Action:700 - Successfully launched "https://www.mycontactform.com/"
2022-02-23 10:53:51,551  INFO [main] Action:70 - Successfully Found element at
2022-02-23 11:53:57,753  INFO [main] Action:700 - Successfully launched "https://www.mycontactform.com/"
2022-02-23 11:53:58,205  INFO [main] Action:70 - Successfully Found element at
2022-02-23 11:57:40,353  INFO [main] Action:700 - Successfully launched "https://www.mycontactform.com/"
2022-02-23 11:57:40,783  INFO [main] Action:70 - Successfully Found element at
2022-02-23 12:05:02,329  INFO [main] Action:700 - Successfully launched "https://www.mycontactform.com/"
2022-02-23 12:05:02,801  INFO [main] Action:70 - Successfully Found element at
2022-02-23 12:12:26,526  INFO [main] Action:700 - Successfully launched "https://www.mycontactform.com/"
2022-02-23 12:12:26,947  INFO [main] Action:70 - Successfully Found element at
2022-02-23 12:17:53,696  INFO [main] Action:700 - Successfully launched "https://www.mycontactform.com/"
2022-02-23 12:17:54,163  INFO [main] Action:70 - Successfully Found element at
2022-02-23 12:36:06,555  INFO [main] Action:700 - Successfully launched "https://www.mycontactform.com/"
2022-02-23 12:36:07,011  INFO [main] Action:70 - Successfully Found element at
2022-02-23 12:40:53,895  INFO [main] Action:700 - Successfully launched "https://www.mycontactform.com/"
2022-02-23 12:40:54,343  INFO [main] Action:70 - Successfully Found element at
2022-02-23 12:49:17,971  INFO [main] Action:700 - Successfully launched "https://www.mycontactform.com/"
2022-02-23 12:49:18,466  INFO [main] Action:70 - Successfully Found element at
2022-02-23 12:50:57,753  INFO [main] Action:700 - Successfully launched "https://www.mycontactform.com/"
2022-02-23 12:50:58,187  INFO [main] Action:70 - Successfully Found element at
2022-02-23 12:53:45,922  INFO [main] Action:700 - Successfully launched "https://www.mycontactform.com/"
2022-02-23 12:53:46,414  INFO [main] Action:70 - Successfully Found element at
2022-02-23 13:07:07,935  INFO [main] Action:700 - Successfully launched "https://www.mycontactform.com/"
2022-02-23 13:07:08,340  INFO [main] Action:70 - Successfully Found element at
2022-02-23 13:08:59,540  INFO [main] Action:700 - Successfully launched "https://www.mycontactform.com/"
2022-02-23 13:09:00,083  INFO [main] Action:70 - Successfully Found element at
2022-03-30 08:22:04,100  INFO [main] Action:705 - Failed to launch "https://www.mycontactform.com/"
2022-03-30 08:22:09,150  INFO [main] VerifyPage:51 - Expected title and actual title is not equal
2022-03-30 08:23:52,534  INFO [main] Action:703 - Successfully launched "https://www.mycontactform.com/"
2022-03-30 08:23:54,346  INFO [main] VerifyPage:51 - Expected title and actual title is not equal
2022-03-30 08:27:01,545  INFO [main] Action:703 - Successfully launched "https://www.mycontactform.com/"
2022-03-30 08:27:03,395  INFO [main] VerifyPage:51 - Expected title and actual title is not equal
2022-03-30 08:28:19,528  INFO [main] Action:703 - Successfully launched "https://www.mycontactform.com/"
2022-03-30 08:28:21,453  INFO [main] Log:26 - Free Contact and Email Forms - myContactForm.com
2022-03-30 08:28:21,477  INFO [main] VerifyPage:52 - Expected title and actual title is not equal
2022-03-30 08:29:02,326  INFO [main] Action:703 - Successfully launched "https://www.mycontactform.com/"
2022-03-30 08:29:04,093  INFO [main] Log:26 - Free Contact and Email Forms - myContactForm.com
2022-03-30 08:29:04,102  INFO [main] VerifyPage:50 - Expected title and actual title is equal
2022-03-30 08:29:04,534  INFO [main] Action:73 - Successfully Found element at
2022-03-30 08:29:27,926  INFO [main] Action:76 - Unable to locate element at
2022-03-30 08:29:28,713  INFO [main] Action:758 - Able to click on CheckBox
2022-03-30 08:29:29,420  INFO [main] Action:154 - Successfully entered value
2022-03-30 08:29:29,795  INFO [main] Action:154 - Successfully entered value
2022-03-30 08:29:30,227  INFO [main] Action:154 - Successfully entered value
2022-03-30 08:29:30,849  INFO [main] Action:154 - Successfully entered value
2022-03-30 08:29:31,217  INFO [main] Action:286 - Option selected by VisibleText
2022-03-30 08:29:32,207  INFO [main] Action:758 - Able to click on CheckBox
2022-03-30 08:29:32,348  INFO [main] Action:73 - Successfully Found element at
2022-03-30 08:29:33,513  INFO [main] Action:758 - Able to click on CheckBox
2022-03-30 08:29:33,832  INFO [main] Action:286 - Option selected by VisibleText
2022-03-30 08:29:34,111  INFO [main] Action:286 - Option selected by VisibleText
2022-03-30 08:29:34,469  INFO [main] Action:286 - Option selected by VisibleText
2022-03-30 08:29:34,743  INFO [main] Action:286 - Option selected by VisibleText
2022-03-30 08:29:35,114  INFO [main] Action:154 - Successfully entered value
2022-03-30 08:29:35,448  INFO [main] Action:154 - Successfully entered value
2022-03-30 08:29:44,368  INFO [main] Action:288 - Option not selected by VisibleText
2022-03-30 08:29:44,410  INFO [main] Action:288 - Option not selected by VisibleText
2022-03-30 08:29:44,441  INFO [main] Action:288 - Option not selected by VisibleText
2022-03-30 08:29:44,462  INFO [main] Action:76 - Unable to locate element at
2022-05-19 12:37:48,910  INFO [main] Action:703 - Successfully launched "https://www.mycontactform.com/"
2022-05-19 12:37:51,308  INFO [main] Log:26 - Free Contact and Email Forms - myContactForm.com
2022-05-19 12:37:51,311  INFO [main] VerifyPage:50 - Expected title and actual title is equal
2022-05-19 12:37:51,526  INFO [main] Action:73 - Successfully Found element at
2022-05-19 12:38:17,091  INFO [main] Action:76 - Unable to locate element at
2022-05-19 12:38:17,474  INFO [main] Action:758 - Able to click on CheckBox
2022-05-19 12:38:17,843  INFO [main] Action:154 - Successfully entered value
2022-05-19 12:38:18,151  INFO [main] Action:154 - Successfully entered value
2022-05-19 12:38:18,433  INFO [main] Action:154 - Successfully entered value
2022-05-19 12:38:18,748  INFO [main] Action:154 - Successfully entered value
2022-05-19 12:38:18,899  INFO [main] Action:286 - Option selected by VisibleText
2022-05-19 12:38:19,527  INFO [main] Action:758 - Able to click on CheckBox
2022-05-19 12:38:19,606  INFO [main] Action:73 - Successfully Found element at
2022-05-19 12:38:20,403  INFO [main] Action:758 - Able to click on CheckBox
2022-05-19 12:38:20,606  INFO [main] Action:286 - Option selected by VisibleText
2022-05-19 12:38:20,811  INFO [main] Action:286 - Option selected by VisibleText
2022-05-19 12:38:21,054  INFO [main] Action:286 - Option selected by VisibleText
2022-05-19 12:38:21,273  INFO [main] Action:286 - Option selected by VisibleText
2022-05-19 12:38:21,544  INFO [main] Action:154 - Successfully entered value
2022-05-19 12:38:21,805  INFO [main] Action:154 - Successfully entered value
2022-05-19 12:38:41,940  INFO [main] Action:288 - Option not selected by VisibleText
2022-05-19 12:39:02,149  INFO [main] Action:288 - Option not selected by VisibleText
2022-05-19 12:39:22,340  INFO [main] Action:288 - Option not selected by VisibleText
2022-05-19 12:39:22,522  INFO [main] Action:73 - Successfully Found element at
2022-05-19 12:40:29,771  INFO [main] Action:703 - Successfully launched "https://www.mycontactform.com/"
2022-05-19 12:40:31,375  INFO [main] Log:26 - Free Contact and Email Forms - myContactForm.com
2022-05-19 12:40:31,380  INFO [main] VerifyPage:50 - Expected title and actual title is equal
2022-05-19 12:40:31,608  INFO [main] Action:73 - Successfully Found element at
2022-05-19 12:40:55,124  INFO [main] Action:76 - Unable to locate element at
2022-05-19 12:40:55,627  INFO [main] Action:758 - Able to click on CheckBox
2022-05-19 12:40:55,992  INFO [main] Action:154 - Successfully entered value
2022-05-19 12:40:56,360  INFO [main] Action:154 - Successfully entered value
2022-05-19 12:40:56,740  INFO [main] Action:154 - Successfully entered value
2022-05-19 12:40:57,152  INFO [main] Action:154 - Successfully entered value
2022-05-19 12:40:57,310  INFO [main] Action:286 - Option selected by VisibleText
2022-05-19 12:40:58,245  INFO [main] Action:758 - Able to click on CheckBox
2022-05-19 12:40:58,441  INFO [main] Action:73 - Successfully Found element at
2022-05-19 12:40:59,713  INFO [main] Action:758 - Able to click on CheckBox
2022-05-19 12:41:00,070  INFO [main] Action:286 - Option selected by VisibleText
2022-05-19 12:41:00,438  INFO [main] Action:286 - Option selected by VisibleText
2022-05-19 12:41:00,727  INFO [main] Action:286 - Option selected by VisibleText
2022-05-19 12:41:01,037  INFO [main] Action:286 - Option selected by VisibleText
2022-05-19 12:41:01,350  INFO [main] Action:154 - Successfully entered value
2022-05-19 12:41:01,653  INFO [main] Action:154 - Successfully entered value
2022-05-19 12:41:21,824  INFO [main] Action:288 - Option not selected by VisibleText
2022-05-19 12:41:42,002  INFO [main] Action:288 - Option not selected by VisibleText
2022-05-19 12:42:02,195  INFO [main] Action:288 - Option not selected by VisibleText
2022-05-19 12:42:02,347  INFO [main] Action:73 - Successfully Found element at
2022-05-19 12:57:29,915  INFO [main] Action:703 - Successfully launched "https://www.mycontactform.com/"
2022-05-19 12:57:31,553  INFO [main] Log:26 - Free Contact and Email Forms - myContactForm.com
2022-05-19 12:57:31,558  INFO [main] VerifyPage:50 - Expected title and actual title is equal
2022-05-19 12:57:31,798  INFO [main] Action:73 - Successfully Found element at
2022-05-19 12:57:55,767  INFO [main] Action:76 - Unable to locate element at
2022-05-19 12:57:56,686  INFO [main] Action:758 - Able to click on CheckBox
2022-05-19 12:57:57,209  INFO [main] Action:154 - Successfully entered value
2022-05-19 12:57:57,565  INFO [main] Action:154 - Successfully entered value
2022-05-19 12:57:57,960  INFO [main] Action:154 - Successfully entered value
2022-05-19 12:57:58,376  INFO [main] Action:154 - Successfully entered value
2022-05-19 12:57:58,596  INFO [main] Action:286 - Option selected by VisibleText
2022-05-19 12:57:59,404  INFO [main] Action:758 - Able to click on CheckBox
2022-05-19 12:57:59,531  INFO [main] Action:73 - Successfully Found element at
2022-05-19 12:58:00,564  INFO [main] Action:758 - Able to click on CheckBox
2022-05-19 12:58:00,829  INFO [main] Action:286 - Option selected by VisibleText
2022-05-19 12:58:01,073  INFO [main] Action:286 - Option selected by VisibleText
2022-05-19 12:58:01,307  INFO [main] Action:286 - Option selected by VisibleText
2022-05-19 12:58:01,542  INFO [main] Action:286 - Option selected by VisibleText
2022-05-19 12:58:01,839  INFO [main] Action:154 - Successfully entered value
2022-05-19 12:58:02,142  INFO [main] Action:154 - Successfully entered value
2022-05-19 12:58:22,367  INFO [main] Action:288 - Option not selected by VisibleText
2022-05-19 12:58:42,548  INFO [main] Action:288 - Option not selected by VisibleText
2022-05-19 12:59:02,757  INFO [main] Action:288 - Option not selected by VisibleText
2022-05-19 12:59:02,924  INFO [main] Action:73 - Successfully Found element at
2022-05-19 13:03:25,598  INFO [main] Action:704 - Successfully launched "https://www.mycontactform.com/"
2022-05-19 13:03:26,833  INFO [main] TestUtil:22 - 2
2022-05-19 13:03:26,910  INFO [main] Log:26 - Free Contact and Email Forms - myContactForm.com
2022-05-19 13:03:26,913  INFO [main] VerifyPage:50 - Expected title and actual title is equal
2022-05-19 13:03:27,076  INFO [main] Action:74 - Successfully Found element at
2022-05-19 13:03:51,985  INFO [main] Action:77 - Unable to locate element at
2022-05-19 13:03:52,347  INFO [main] Action:759 - Able to click on CheckBox
2022-05-19 13:03:52,644  INFO [main] Action:155 - Successfully entered value
2022-05-19 13:03:52,918  INFO [main] Action:155 - Successfully entered value
2022-05-19 13:03:53,202  INFO [main] Action:155 - Successfully entered value
2022-05-19 13:03:53,511  INFO [main] Action:155 - Successfully entered value
2022-05-19 13:03:53,659  INFO [main] Action:287 - Option selected by VisibleText
2022-05-19 13:03:54,196  INFO [main] Action:759 - Able to click on CheckBox
2022-05-19 13:03:54,279  INFO [main] Action:74 - Successfully Found element at
2022-05-19 13:03:55,064  INFO [main] Action:759 - Able to click on CheckBox
2022-05-19 13:03:55,250  INFO [main] Action:287 - Option selected by VisibleText
2022-05-19 13:03:55,452  INFO [main] Action:287 - Option selected by VisibleText
2022-05-19 13:03:55,650  INFO [main] Action:287 - Option selected by VisibleText
2022-05-19 13:03:55,864  INFO [main] Action:287 - Option selected by VisibleText
2022-05-19 13:03:56,164  INFO [main] Action:155 - Successfully entered value
2022-05-19 13:03:56,450  INFO [main] Action:155 - Successfully entered value
2022-05-19 13:04:16,627  INFO [main] Action:289 - Option not selected by VisibleText
2022-05-19 13:04:36,834  INFO [main] Action:289 - Option not selected by VisibleText
2022-05-19 13:04:57,053  INFO [main] Action:289 - Option not selected by VisibleText
2022-05-19 13:04:57,158  INFO [main] Action:74 - Successfully Found element at
2022-05-23 10:01:49,516  INFO [main] Action:704 - Successfully launched "https://www.mycontactform.com/"
2022-05-23 10:01:55,097  INFO [main] TestUtil:22 - 2
2022-05-23 10:01:55,558  INFO [main] Log:26 - Free Contact and Email Forms - myContactForm.com
2022-05-23 10:01:55,574  INFO [main] VerifyPage:50 - Expected title and actual title is equal
2022-05-23 10:01:55,974  INFO [main] Action:74 - Successfully Found element at
2022-05-23 10:02:22,209  INFO [main] Action:77 - Unable to locate element at
2022-05-23 10:02:23,437  INFO [main] Action:759 - Able to click on CheckBox
2022-05-23 10:02:24,144  INFO [main] Action:155 - Successfully entered value
2022-05-23 10:02:24,601  INFO [main] Action:155 - Successfully entered value
2022-05-23 10:02:25,052  INFO [main] Action:155 - Successfully entered value
2022-05-23 10:02:25,565  INFO [main] Action:155 - Successfully entered value
2022-05-23 10:02:26,141  INFO [main] Action:287 - Option selected by VisibleText
2022-05-23 10:02:27,466  INFO [main] Action:759 - Able to click on CheckBox
2022-05-23 10:02:27,765  INFO [main] Action:74 - Successfully Found element at
2022-05-23 10:02:29,806  INFO [main] Action:759 - Able to click on CheckBox
2022-05-23 10:02:30,175  INFO [main] Action:287 - Option selected by VisibleText
2022-05-23 10:02:30,631  INFO [main] Action:287 - Option selected by VisibleText
2022-05-23 10:02:30,991  INFO [main] Action:287 - Option selected by VisibleText
2022-05-23 10:02:31,514  INFO [main] Action:287 - Option selected by VisibleText
2022-05-23 10:02:32,076  INFO [main] Action:155 - Successfully entered value
2022-05-23 10:02:32,640  INFO [main] Action:155 - Successfully entered value
2022-05-23 10:02:52,855  INFO [main] Action:289 - Option not selected by VisibleText
2022-05-23 10:03:13,047  INFO [main] Action:289 - Option not selected by VisibleText
2022-05-23 10:03:33,221  INFO [main] Action:289 - Option not selected by VisibleText
2022-05-23 10:03:33,359  INFO [main] Action:74 - Successfully Found element at
2022-06-06 16:54:58,889  INFO [main] Action:704 - Successfully launched "https://www.globalsqa.com/angularJs-protractor/BankingProject/#/login"
2022-06-06 16:54:59,249  INFO [main] Action:77 - Unable to locate element at
2022-06-06 16:56:08,775  INFO [main] Action:704 - Successfully launched "https://www.globalsqa.com/angularJs-protractor/BankingProject/#/login"
2022-06-06 16:56:09,063  INFO [main] Action:77 - Unable to locate element at
2022-06-06 16:58:12,746  INFO [main] Action:704 - Successfully launched "https://www.globalsqa.com/angularJs-protractor/BankingProject/#/login"
2022-06-06 16:58:16,076  INFO [main] Action:77 - Unable to locate element at
2022-06-06 17:00:11,198  INFO [main] Action:704 - Successfully launched "https://www.globalsqa.com/angularJs-protractor/BankingProject/#/login"
2022-06-06 17:00:14,559  INFO [main] Action:74 - Successfully Found element at
2022-06-06 17:00:31,479  INFO [main] Action:704 - Successfully launched "https://www.globalsqa.com/angularJs-protractor/BankingProject/#/login"
2022-06-06 17:00:34,873  INFO [main] Action:74 - Successfully Found element at
2022-07-14 17:01:05,321  INFO [main] Action:704 - Successfully launched "https://www.globalsqa.com/angularJs-protractor/BankingProject/#/login"
2022-07-14 17:01:08,289  INFO [main] TestUtil:22 - 2
2022-07-14 17:01:09,153  INFO [main] Log:26 - XYZ Bank
2022-07-14 17:01:09,159  INFO [main] VerifyPage:52 - Expected title and actual title is not equal
